<?xml version="1.0" encoding="UTF-8"?>
<!-- Generated by org.testng.reporters.JUnitReportReporter -->
<testsuite hostname="DESKTOP-6E3T9R2" failures="0" tests="1" name="com.example.tests.modules.login.web.loginTest2.LoginTest2" time="16.183" errors="0" timestamp="2025-08-18T01:20:54 ICT" skipped="0">
  <testcase classname="com.example.tests.modules.login.web.loginTest2.LoginTest2" name="testLogin1" time="16.183"/>
</testsuite> <!-- com.example.tests.modules.login.web.loginTest2.LoginTest2 -->
