<?xml version="1.0" encoding="UTF-8"?>
<!-- Generated by org.testng.reporters.JUnitReportReporter -->
<testsuite hostname="DESKTOP-6E3T9R2" failures="0" tests="3" name="com.example.tests.web.LoginTest" time="15.724" errors="0" timestamp="2025-08-17T22:51:07 ICT" skipped="0">
  <testcase classname="com.example.tests.web.LoginTest" name="testLogin6" time="3.297"/>
  <testcase classname="com.example.tests.web.LoginTest" name="testLogin1" time="8.625"/>
  <testcase classname="com.example.tests.web.LoginTest" name="testLogin5" time="3.802"/>
</testsuite> <!-- com.example.tests.web.LoginTest -->
