<?xml version="1.0" encoding="UTF-8"?>
<!-- Generated by org.testng.reporters.JUnitReportReporter -->
<testsuite hostname="DESKTOP-6E3T9R2" failures="0" tests="1" name="com.example.tests.modules.login.web.loginTest.LoginTest" time="5.411" errors="0" timestamp="2025-08-18T02:35:39 GMT+07:00" skipped="0">
  <testcase classname="com.example.tests.modules.login.web.loginTest.LoginTest" name="testLogin1" time="5.411"/>
</testsuite> <!-- com.example.tests.modules.login.web.loginTest.LoginTest -->
